<?xml version="1.0" encoding="UTF-8"?>
<!-- Generated by org.testng.reporters.JUnitReportReporter -->
<testsuite hostname="DESKTOP-HQT2HP1" failures="0" tests="3" name="com.facebook.Locators.XpathFunction" time="5.753" errors="0" timestamp="2023-09-23T11:51:38 EDT" skipped="0">
  <testcase classname="com.facebook.Locators.XpathFunction" name="getText" time="2.308"/>
  <system-out/>
  <testcase classname="com.facebook.Locators.XpathFunction" name="ContainListText" time="1.855"/>
  <system-out/>
  <testcase classname="com.facebook.Locators.XpathFunction" name="ContainLinkText" time="1.590"/>
  <system-out/>
</testsuite> <!-- com.facebook.Locators.XpathFunction -->
