<?xml version="1.0" encoding="UTF-8"?>
<!-- Generated by org.testng.reporters.JUnitReportReporter -->
<testsuite hostname="DESKTOP-HQT2HP1" failures="0" tests="1" name="com.facebook.Locators.ContainFunctionXpath" time="0.005" errors="0" timestamp="2023-09-17T11:17:38 EDT" skipped="0">
  <testcase classname="com.facebook.Locators.ContainFunctionXpath" name="containFunction" time="0.005"/>
  <system-out/>
</testsuite> <!-- com.facebook.Locators.ContainFunctionXpath -->
