<?xml version="1.0" encoding="UTF-8"?>
<!-- Generated by org.testng.reporters.JUnitReportReporter -->
<testsuite hostname="DESKTOP-HQT2HP1" failures="0" tests="3" name="com.facebook.Locators.DoubleXpath" time="2.054" errors="0" timestamp="2023-09-10T14:02:05 EDT" skipped="0">
  <testcase classname="com.facebook.Locators.DoubleXpath" name="andCondition" time="0.033"/>
  <system-out/>
  <testcase classname="com.facebook.Locators.DoubleXpath" name="orCondition" time="0.032"/>
  <system-out/>
  <testcase classname="com.facebook.Locators.DoubleXpath" name="doubleXpathTest" time="1.989"/>
  <system-out/>
</testsuite> <!-- com.facebook.Locators.DoubleXpath -->
