<?xml version="1.0" encoding="UTF-8"?>
<!-- Generated by org.testng.reporters.JUnitReportReporter -->
<testsuite hostname="DESKTOP-HQT2HP1" failures="0" tests="1" name="com.facebook.com.FacebookTest" time="1.842" errors="0" timestamp="2023-09-16T23:57:49 EDT" skipped="0">
  <testcase classname="com.facebook.com.FacebookTest" name="openApplication" time="1.842"/>
  <system-out/>
</testsuite> <!-- com.facebook.com.FacebookTest -->
