<?xml version="1.0" encoding="UTF-8"?>
<!-- Generated by org.testng.reporters.JUnitReportReporter -->
<testsuite hostname="Sumon" failures="0" tests="2" name="com.facebookFrameWork.LoginTest" time="3.309" errors="0" timestamp="2023-11-19T14:30:04 EST" skipped="0">
  <testcase classname="com.facebookFrameWork.LoginTest" name="validLoginTest" time="2.107"/>
  <system-out/>
  <testcase classname="com.facebookFrameWork.LoginTest" name="invalidLoginTest" time="1.202"/>
  <system-out/>
</testsuite> <!-- com.facebookFrameWork.LoginTest -->
