<?xml version="1.0" encoding="UTF-8"?>
<!-- Generated by org.testng.reporters.JUnitReportReporter -->
<testsuite hostname="DESKTOP-HQT2HP1" failures="0" tests="1" name="com.facebook.Locators.XpathIndexing" time="2.273" errors="0" timestamp="2023-09-23T12:12:20 EDT" skipped="0">
  <testcase classname="com.facebook.Locators.XpathIndexing" name="dynamicXpath" time="2.273"/>
  <system-out/>
</testsuite> <!-- com.facebook.Locators.XpathIndexing -->
