<?xml version="1.0" encoding="UTF-8"?>
<!-- Generated by org.testng.reporters.JUnitReportReporter -->
<testsuite hostname="DESKTOP-HQT2HP1" failures="0" tests="4" name="com.facebook.Locators.DirectLocators" time="1.616" errors="0" timestamp="2023-09-16T23:37:44 EDT" skipped="0">
  <testcase classname="com.facebook.Locators.DirectLocators" name="linkTextLocatorsTest" time="0.375"/>
  <system-out/>
  <testcase classname="com.facebook.Locators.DirectLocators" name="partialLinkTextLocatorsTest" time="1.170"/>
  <system-out/>
  <testcase classname="com.facebook.Locators.DirectLocators" name="nameLocatorsTest" time="0.037"/>
  <system-out/>
  <testcase classname="com.facebook.Locators.DirectLocators" name="idLocatorsTest" time="0.034"/>
  <system-out/>
</testsuite> <!-- com.facebook.Locators.DirectLocators -->
