<?xml version="1.0" encoding="UTF-8"?>
<!-- Generated by org.testng.reporters.JUnitReportReporter -->
<testsuite hostname="DESKTOP-HQT2HP1" failures="0" tests="1" name="com.facebookBase.invalidLoginTest$ClientTest" time="1.918" errors="0" timestamp="2023-10-01T11:55:31 EDT" skipped="0">
  <testcase classname="com.facebookBase.invalidLoginTest$ClientTest" name="inValidLoginTest" time="1.918"/>
  <system-out/>
</testsuite> <!-- com.facebookBase.invalidLoginTest$ClientTest -->
