<?xml version="1.0" encoding="UTF-8"?>
<!-- Generated by org.testng.reporters.JUnitReportReporter -->
<testsuite hostname="DESKTOP-HQT2HP1" failures="0" tests="2" name="com.facebookTest.FacebookTest" time="2.232" errors="0" timestamp="2023-09-10T10:26:26 EDT" skipped="0">
  <testcase classname="com.facebookTest.FacebookTest" name="testOne" time="0.001"/>
  <system-out/>
  <testcase classname="com.facebookTest.FacebookTest" name="OpenChromeBrowser" time="2.231"/>
  <system-out/>
</testsuite> <!-- com.facebookTest.FacebookTest -->
