<?xml version="1.0" encoding="UTF-8"?>
<!-- Generated by org.testng.reporters.JUnitReportReporter -->
<testsuite hostname="DESKTOP-HQT2HP1" failures="0" tests="1" name="com.facebookBase.ClientTest" time="2.180" errors="0" timestamp="2023-10-01T14:00:11 EDT" skipped="0">
  <testcase classname="com.facebookBase.ClientTest" name="validLoginTest" time="2.180"/>
  <system-out/>
</testsuite> <!-- com.facebookBase.ClientTest -->
