<?xml version="1.0" encoding="UTF-8"?>
<!-- Generated by org.testng.reporters.JUnitReportReporter -->
<testsuite hostname="DESKTOP-HQT2HP1" failures="0" tests="1" name="com.facebook.pom_PageFactory.LoginTestWithPageFactory" time="1.945" errors="0" timestamp="2023-10-01T11:00:09 EDT" skipped="0">
  <testcase classname="com.facebook.pom_PageFactory.LoginTestWithPageFactory" name="validLoginTest" time="1.945"/>
  <system-out/>
</testsuite> <!-- com.facebook.pom_PageFactory.LoginTestWithPageFactory -->
