<?xml version="1.0" encoding="UTF-8"?>
<!-- Generated by org.testng.reporters.JUnitReportReporter -->
<testsuite hostname="DESKTOP-HQT2HP1" failures="0" tests="2" name="com.facebook.pom_PageFactory.LoginTestWithPageFactory" time="3.835" errors="0" timestamp="2023-09-30T12:32:28 EDT" skipped="0">
  <testcase classname="com.facebook.pom_PageFactory.LoginTestWithPageFactory" name="boundaryLoginTest" time="2.318"/>
  <system-out/>
  <testcase classname="com.facebook.pom_PageFactory.LoginTestWithPageFactory" name="validLoginTest" time="1.517"/>
  <system-out/>
</testsuite> <!-- com.facebook.pom_PageFactory.LoginTestWithPageFactory -->
