<?xml version="1.0" encoding="UTF-8"?>
<!-- Generated by org.testng.reporters.JUnitReportReporter -->
<testsuite hostname="DESKTOP-HQT2HP1" failures="0" tests="1" name="com.facebook.Locators.RegularCSS" time="2.510" errors="0" timestamp="2023-09-23T13:57:33 EDT" skipped="0">
  <testcase classname="com.facebook.Locators.RegularCSS" name="loginTest" time="2.510"/>
  <system-out/>
</testsuite> <!-- com.facebook.Locators.RegularCSS -->
