<?xml version="1.0" encoding="UTF-8"?>
<!-- Generated by org.testng.reporters.JUnitReportReporter -->
<testsuite hostname="DESKTOP-HQT2HP1" failures="0" tests="1" name="com.facebook.findElements.Elements" time="3.986" errors="0" timestamp="2023-09-23T13:08:20 EDT" skipped="0">
  <testcase classname="com.facebook.findElements.Elements" name="listOfElements" time="3.986"/>
  <system-out/>
</testsuite> <!-- com.facebook.findElements.Elements -->
