<?xml version="1.0" encoding="UTF-8"?>
<!-- Generated by org.testng.reporters.JUnitReportReporter -->
<testsuite hostname="DESKTOP-HQT2HP1" failures="0" tests="2" name="com.facebook.pageObjectModel_LoginTests.LoginTest" time="7.238" errors="0" timestamp="2023-09-24T13:05:54 EDT" skipped="0">
  <testcase classname="com.facebook.pageObjectModel_LoginTests.LoginTest" name="validLoginTest" time="3.569"/>
  <system-out/>
  <testcase classname="com.facebook.pageObjectModel_LoginTests.LoginTest" name="invalidLoginTest" time="3.669"/>
  <system-out/>
</testsuite> <!-- com.facebook.pageObjectModel_LoginTests.LoginTest -->
