<?xml version="1.0" encoding="UTF-8"?>
<!-- Generated by org.testng.reporters.JUnitReportReporter -->
<testsuite hostname="DESKTOP-HQT2HP1" failures="0" tests="1" name="com.facebook.Locators.RegularXpath" time="0.112" errors="0" timestamp="2023-09-10T22:58:10 EDT" skipped="0">
  <testcase classname="com.facebook.Locators.RegularXpath" name="loginTest1" time="0.112"/>
  <system-out/>
</testsuite> <!-- com.facebook.Locators.RegularXpath -->
